03-Sep-2018 00:31:52.687 WARNING [http-nio-8080-exec-9] org.apache.catalina.realm.LockOutRealm.filterLockedAccounts An attempt was made to authenticate the locked user [admin]
03-Sep-2018 00:31:52.749 WARNING [http-nio-8080-exec-10] org.apache.catalina.realm.LockOutRealm.filterLockedAccounts An attempt was made to authenticate the locked user [admin]
03-Sep-2018 00:31:52.794 WARNING [http-nio-8080-exec-2] org.apache.catalina.realm.LockOutRealm.filterLockedAccounts An attempt was made to authenticate the locked user [admin]
03-Sep-2018 00:31:52.861 WARNING [http-nio-8080-exec-4] org.apache.catalina.realm.LockOutRealm.filterLockedAccounts An attempt was made to authenticate the locked user [admin]
03-Sep-2018 00:31:52.905 WARNING [http-nio-8080-exec-6] org.apache.catalina.realm.LockOutRealm.filterLockedAccounts An attempt was made to authenticate the locked user [admin]
03-Sep-2018 00:31:52.940 WARNING [http-nio-8080-exec-9] org.apache.catalina.realm.LockOutRealm.filterLockedAccounts An attempt was made to authenticate the locked user [admin]
03-Sep-2018 00:31:53.169 WARNING [http-nio-8080-exec-9] org.apache.catalina.realm.LockOutRealm.filterLockedAccounts An attempt was made to authenticate the locked user [tomcat]
03-Sep-2018 00:31:53.224 WARNING [http-nio-8080-exec-10] org.apache.catalina.realm.LockOutRealm.filterLockedAccounts An attempt was made to authenticate the locked user [tomcat]
03-Sep-2018 00:31:53.265 WARNING [http-nio-8080-exec-2] org.apache.catalina.realm.LockOutRealm.filterLockedAccounts An attempt was made to authenticate the locked user [tomcat]
03-Sep-2018 00:31:53.295 WARNING [http-nio-8080-exec-5] org.apache.catalina.realm.LockOutRealm.filterLockedAccounts An attempt was made to authenticate the locked user [tomcat]
03-Sep-2018 00:31:53.351 WARNING [http-nio-8080-exec-7] org.apache.catalina.realm.LockOutRealm.filterLockedAccounts An attempt was made to authenticate the locked user [tomcat]
03-Sep-2018 00:31:53.359 WARNING [http-nio-8080-exec-6] org.apache.catalina.realm.LockOutRealm.filterLockedAccounts An attempt was made to authenticate the locked user [tomcat]
03-Sep-2018 00:31:53.655 WARNING [http-nio-8080-exec-8] org.apache.catalina.realm.LockOutRealm.filterLockedAccounts An attempt was made to authenticate the locked user [manager]
03-Sep-2018 00:31:53.704 WARNING [http-nio-8080-exec-1] org.apache.catalina.realm.LockOutRealm.filterLockedAccounts An attempt was made to authenticate the locked user [manager]
03-Sep-2018 00:31:53.754 WARNING [http-nio-8080-exec-3] org.apache.catalina.realm.LockOutRealm.filterLockedAccounts An attempt was made to authenticate the locked user [manager]
03-Sep-2018 00:31:53.801 WARNING [http-nio-8080-exec-4] org.apache.catalina.realm.LockOutRealm.filterLockedAccounts An attempt was made to authenticate the locked user [manager]
03-Sep-2018 00:31:53.921 WARNING [http-nio-8080-exec-9] org.apache.catalina.realm.LockOutRealm.filterLockedAccounts An attempt was made to authenticate the locked user [manager]
03-Sep-2018 00:31:53.940 WARNING [http-nio-8080-exec-8] org.apache.catalina.realm.LockOutRealm.filterLockedAccounts An attempt was made to authenticate the locked user [manager]
03-Sep-2018 00:31:54.250 WARNING [http-nio-8080-exec-8] org.apache.catalina.realm.LockOutRealm.filterLockedAccounts An attempt was made to authenticate the locked user [root]
03-Sep-2018 00:31:54.279 WARNING [http-nio-8080-exec-10] org.apache.catalina.realm.LockOutRealm.filterLockedAccounts An attempt was made to authenticate the locked user [root]
03-Sep-2018 00:31:54.326 WARNING [http-nio-8080-exec-2] org.apache.catalina.realm.LockOutRealm.filterLockedAccounts An attempt was made to authenticate the locked user [root]
03-Sep-2018 00:31:54.360 WARNING [http-nio-8080-exec-5] org.apache.catalina.realm.LockOutRealm.filterLockedAccounts An attempt was made to authenticate the locked user [root]
03-Sep-2018 00:31:54.426 WARNING [http-nio-8080-exec-7] org.apache.catalina.realm.LockOutRealm.filterLockedAccounts An attempt was made to authenticate the locked user [root]
03-Sep-2018 00:31:54.499 WARNING [http-nio-8080-exec-8] org.apache.catalina.realm.LockOutRealm.filterLockedAccounts An attempt was made to authenticate the locked user [root]
03-Sep-2018 00:31:54.845 WARNING [http-nio-8080-exec-8] org.apache.catalina.realm.LockOutRealm.filterLockedAccounts An attempt was made to authenticate the locked user [user]
03-Sep-2018 00:31:54.892 WARNING [http-nio-8080-exec-1] org.apache.catalina.realm.LockOutRealm.filterLockedAccounts An attempt was made to authenticate the locked user [user]
03-Sep-2018 00:31:54.938 WARNING [http-nio-8080-exec-3] org.apache.catalina.realm.LockOutRealm.filterLockedAccounts An attempt was made to authenticate the locked user [user]
03-Sep-2018 00:31:54.988 WARNING [http-nio-8080-exec-4] org.apache.catalina.realm.LockOutRealm.filterLockedAccounts An attempt was made to authenticate the locked user [user]
03-Sep-2018 00:31:55.032 WARNING [http-nio-8080-exec-7] org.apache.catalina.realm.LockOutRealm.filterLockedAccounts An attempt was made to authenticate the locked user [user]
03-Sep-2018 00:31:55.064 WARNING [http-nio-8080-exec-9] org.apache.catalina.realm.LockOutRealm.filterLockedAccounts An attempt was made to authenticate the locked user [user]
03-Sep-2018 05:38:04.596 WARNING [http-nio-8080-exec-3] org.apache.catalina.realm.LockOutRealm.filterLockedAccounts An attempt was made to authenticate the locked user []
03-Sep-2018 11:35:08.306 INFO [http-nio-8080-exec-8] org.apache.coyote.http11.Http11Processor.service Error parsing HTTP request header
 Note: further occurrences of HTTP request parsing errors will be logged at DEBUG level.
 java.lang.IllegalArgumentException: Invalid character found in method name. HTTP method names must be tokens
	at org.apache.coyote.http11.Http11InputBuffer.parseRequestLine(Http11InputBuffer.java:414)
	at org.apache.coyote.http11.Http11Processor.service(Http11Processor.java:294)
	at org.apache.coyote.AbstractProcessorLight.process(AbstractProcessorLight.java:66)
	at org.apache.coyote.AbstractProtocol$ConnectionHandler.process(AbstractProtocol.java:764)
	at org.apache.tomcat.util.net.NioEndpoint$SocketProcessor.doRun(NioEndpoint.java:1388)
	at org.apache.tomcat.util.net.SocketProcessorBase.run(SocketProcessorBase.java:49)
	at java.util.concurrent.ThreadPoolExecutor.runWorker(ThreadPoolExecutor.java:1149)
	at java.util.concurrent.ThreadPoolExecutor$Worker.run(ThreadPoolExecutor.java:624)
	at org.apache.tomcat.util.threads.TaskThread$WrappingRunnable.run(TaskThread.java:61)
	at java.lang.Thread.run(Thread.java:748)

03-Sep-2018 13:42:31.724 INFO [ContainerBackgroundProcessor[StandardEngine[Catalina]]] org.apache.catalina.startup.HostConfig.reload Reloading context [/fidouaf]
03-Sep-2018 13:42:31.725 INFO [ContainerBackgroundProcessor[StandardEngine[Catalina]]] org.apache.catalina.core.StandardContext.reload Reloading Context with name [/fidouaf] has started
03-Sep-2018 13:42:31.751 WARNING [ContainerBackgroundProcessor[StandardEngine[Catalina]]] org.apache.catalina.core.StandardContext.postWorkDirectory Failed to create work directory [/opt/tomcat/work/Catalina/localhost/fidouaf] for context [/fidouaf]
03-Sep-2018 13:42:31.773 SEVERE [ContainerBackgroundProcessor[StandardEngine[Catalina]]] org.apache.jasper.EmbeddedServletOptions.<init> The scratchDir you specified: [/opt/tomcat/work/Catalina/localhost/fidouaf] is unusable.
03-Sep-2018 13:42:31.776 INFO [ContainerBackgroundProcessor[StandardEngine[Catalina]]] org.apache.catalina.core.StandardContext.reload Reloading Context with name [/fidouaf] is completed
